<?xml version="1.0" encoding="UTF-8"?>
<testng-results skipped="0" failed="0" ignored="0" total="1" passed="1">
  <reporter-output>
    <line>
      <![CDATA[Test case validateallfrndlistSuccessfully start]]>
    </line>
    <line>
      <![CDATA[Test case validateallfrndlistSuccessfully passed]]>
    </line>
  </reporter-output>
  <suite name="Suite1" duration-ms="27625" started-at="2020-07-13T09:24:17Z" finished-at="2020-07-13T09:24:44Z">
    <groups>
    </groups>
    <test name="Prctice" duration-ms="27625" started-at="2020-07-13T09:24:17Z" finished-at="2020-07-13T09:24:44Z">
      <class name="com.evs.testScript.TC001">
        <test-method status="PASS" signature="open(java.lang.String, java.lang.String)[pri:0, instance:com.evs.testScript.TC001@5b0abc94]" name="open" is-config="true" duration-ms="13102" started-at="2020-07-13T09:24:17Z" finished-at="2020-07-13T09:24:30Z">
          <params>
            <param index="0">
              <value>
                <![CDATA[chrome]]>
              </value>
            </param>
            <param index="1">
              <value>
                <![CDATA[https://www.facebook.com]]>
              </value>
            </param>
          </params>
          <reporter-output>
          </reporter-output>
        </test-method> <!-- open -->
        <test-method status="PASS" signature="validateallfrndlist()[pri:0, instance:com.evs.testScript.TC001@5b0abc94]" name="validateallfrndlist" duration-ms="10390" started-at="2020-07-13T09:24:30Z" finished-at="2020-07-13T09:24:40Z">
          <reporter-output>
            <line>
              <![CDATA[Test case validateallfrndlistSuccessfully start]]>
            </line>
            <line>
              <![CDATA[Test case validateallfrndlistSuccessfully passed]]>
            </line>
          </reporter-output>
        </test-method> <!-- validateallfrndlist -->
        <test-method status="PASS" signature="close()[pri:0, instance:com.evs.testScript.TC001@5b0abc94]" name="close" is-config="true" duration-ms="4112" started-at="2020-07-13T09:24:40Z" finished-at="2020-07-13T09:24:44Z">
          <reporter-output>
          </reporter-output>
        </test-method> <!-- close -->
      </class> <!-- com.evs.testScript.TC001 -->
    </test> <!-- Prctice -->
  </suite> <!-- Suite1 -->
</testng-results>
